<?xml version="1.0" encoding="UTF-8"?>
<robot generator="Robot 3.2.1 (Python 3.8.2 on darwin)" generated="20200521 18:16:49.301" rpa="false">
<suite id="s1" name="End to End" source="/Users/raghav/PycharmProjects/Robot Framework Projects/end-to-end/tests/EndToEnd/End_to_End.robot">
<test id="s1-t1" name="Should be able to access both sites">
<kw name="Begin Web Test" library="CommonWeb" type="setup">
<kw name="Open Browser" library="SeleniumLibrary">
<doc>Opens a new browser instance to the optional ``url``.</doc>
<arguments>
<arg>about:blank</arg>
<arg>${BROWSER}</arg>
</arguments>
<msg timestamp="20200521 18:16:49.878" level="INFO">Opening browser 'chrome' to base url 'about:blank'.</msg>
<status status="PASS" starttime="20200521 18:16:49.877" endtime="20200521 18:16:53.010"></status>
</kw>
<kw name="Maximize Browser Window" library="SeleniumLibrary">
<doc>Maximizes current browser window.</doc>
<status status="PASS" starttime="20200521 18:16:53.011" endtime="20200521 18:16:53.166"></status>
</kw>
<status status="PASS" starttime="20200521 18:16:49.877" endtime="20200521 18:16:53.167"></status>
</kw>
<kw name="Go to Landing Page" library="FrontOfficeApp">
<kw name="Navigate To" library="FrontOffice.Landing">
<kw name="Go To" library="SeleniumLibrary">
<doc>Navigates the current browser window to the provided ``url``.</doc>
<arguments>
<arg>${FRONT_OFFICE_URL}</arg>
</arguments>
<msg timestamp="20200521 18:16:53.172" level="INFO">Opening url 'http://www.robotframeworktutorial.com/front-office'</msg>
<status status="PASS" starttime="20200521 18:16:53.171" endtime="20200521 18:17:01.601"></status>
</kw>
<status status="PASS" starttime="20200521 18:16:53.170" endtime="20200521 18:17:01.601"></status>
</kw>
<kw name="Verify Page Loaded" library="FrontOffice.Landing">
<kw name="Wait Until Page Contains Element" library="SeleniumLibrary">
<doc>Waits until the element ``locator`` appears on the current page.</doc>
<arguments>
<arg>${LANDING_NAVIGATION_ELEMENT}</arg>
</arguments>
<status status="PASS" starttime="20200521 18:17:01.603" endtime="20200521 18:17:01.620"></status>
</kw>
<status status="PASS" starttime="20200521 18:17:01.602" endtime="20200521 18:17:01.620"></status>
</kw>
<status status="PASS" starttime="20200521 18:16:53.169" endtime="20200521 18:17:01.620"></status>
</kw>
<kw name="Go to Landing Page" library="BackOfficeApp">
<kw name="Navigate To" library="BackOffice.Landing">
<kw name="Go To" library="SeleniumLibrary">
<doc>Navigates the current browser window to the provided ``url``.</doc>
<arguments>
<arg>${BACK_OFFICE_URL}</arg>
</arguments>
<msg timestamp="20200521 18:17:01.622" level="INFO">Opening url 'http://www.robotframeworktutorial.com/back-office'</msg>
<status status="PASS" starttime="20200521 18:17:01.622" endtime="20200521 18:17:05.038"></status>
</kw>
<status status="PASS" starttime="20200521 18:17:01.621" endtime="20200521 18:17:05.038"></status>
</kw>
<status status="PASS" starttime="20200521 18:17:01.621" endtime="20200521 18:17:05.038"></status>
</kw>
<kw name="End Web Test" library="CommonWeb" type="teardown">
<kw name="Close All Browsers" library="SeleniumLibrary">
<doc>Closes all open browsers and resets the browser cache.</doc>
<status status="PASS" starttime="20200521 18:17:05.041" endtime="20200521 18:17:05.204"></status>
</kw>
<status status="PASS" starttime="20200521 18:17:05.039" endtime="20200521 18:17:05.204"></status>
</kw>
<doc>This is test 1</doc>
<tags>
<tag>test1</tag>
</tags>
<status status="PASS" starttime="20200521 18:16:49.876" endtime="20200521 18:17:05.204" critical="yes"></status>
</test>
<doc>This is my end to end suite</doc>
<status status="PASS" starttime="20200521 18:16:49.307" endtime="20200521 18:17:05.208"></status>
</suite>
<statistics>
<total>
<stat pass="1" fail="0">Critical Tests</stat>
<stat pass="1" fail="0">All Tests</stat>
</total>
<tag>
<stat pass="1" fail="0">test1</stat>
</tag>
<suite>
<stat pass="1" fail="0" id="s1" name="End to End">End to End</stat>
</suite>
</statistics>
<errors>
</errors>
</robot>
